<?xml version="1.0" encoding="UTF-8"?>
<!-- Generated by org.testng.reporters.JUnitXMLReporter -->
<testsuite ignored="6" hostname="LAPTOP-PICKRAJT" failures="0" tests="4" name="Regression_Test_Cases" time="58.373" errors="0" timestamp="2023-08-08T12:56:13 IST">
  <testcase classname="FinalApprovedTestScripts.AddPaymentUsingAgentIDTestNGTestScript" name="AddPaymentUsingAgentID" time="12.502"/>
  <testcase classname="FinalApprovedTestScripts.EditClientViaNmineeTestNGTestScript" name="EditClientViaNominee" time="8.681"/>
  <testcase classname="FinalApprovedTestScripts.SearchClientAndCheckClientStatusTestNGTestScript" name="SearchClientAndCheckClientStatusViaNominee" time="3.449"/>
  <testcase classname="FinalApprovedTestScripts.AddNomineeViaClientTestNGTestScript" name="AddNomineeViaClient" time="16.753"/>
  <testcase classname="com.hopestar.GenericUtility.HopeStarBaseClass" name="@AfterSuite configure_AS" time="0.0">
    <ignored/>
  </testcase> <!-- @AfterSuite configure_AS -->
  <testcase classname="com.hopestar.GenericUtility.HopeStarBaseClass" name="@BeforeSuite configure_BS" time="0.0">
    <ignored/>
  </testcase> <!-- @BeforeSuite configure_BS -->
  <testcase classname="com.hopestar.GenericUtility.HopeStarBaseClass" name="@BeforeSuite configure_BS" time="0.0">
    <ignored/>
  </testcase> <!-- @BeforeSuite configure_BS -->
  <testcase classname="com.hopestar.GenericUtility.HopeStarBaseClass" name="@AfterSuite configure_AS" time="0.0">
    <ignored/>
  </testcase> <!-- @AfterSuite configure_AS -->
  <testcase classname="com.hopestar.GenericUtility.HopeStarBaseClass" name="@AfterSuite configure_AS" time="0.0">
    <ignored/>
  </testcase> <!-- @AfterSuite configure_AS -->
  <testcase classname="com.hopestar.GenericUtility.HopeStarBaseClass" name="@BeforeSuite configure_BS" time="0.0">
    <ignored/>
  </testcase> <!-- @BeforeSuite configure_BS -->
</testsuite> <!-- Regression_Test_Cases -->
