<?xml version="1.0" encoding="UTF-8"?>
<!-- Generated by org.testng.reporters.JUnitXMLReporter -->
<testsuite ignored="2" hostname="LAPTOP-PICKRAJT" failures="0" tests="2" name="Smoke_Test_Cases" time="27.187" errors="0" timestamp="2023-08-08T12:55:42 IST">
  <testcase classname="FinalApprovedTestScripts.AddNewClientTestNGTestScript" name="AddNewClient" time="14.42"/>
  <testcase classname="FinalApprovedTestScripts.ClientStatusUsingNimineeTestNGTestScript" name="ClientStatusUsingNomineeLink" time="3.555"/>
  <testcase classname="com.hopestar.GenericUtility.HopeStarBaseClass" name="@BeforeSuite configure_BS" time="0.0">
    <ignored/>
  </testcase> <!-- @BeforeSuite configure_BS -->
  <testcase classname="com.hopestar.GenericUtility.HopeStarBaseClass" name="@AfterSuite configure_AS" time="0.0">
    <ignored/>
  </testcase> <!-- @AfterSuite configure_AS -->
</testsuite> <!-- Smoke_Test_Cases -->
