<?xml version="1.0" encoding="UTF-8"?>
<!-- Generated by org.testng.reporters.JUnitXMLReporter -->
<testsuite ignored="2" hostname="LAPTOP-PICKRAJT" failures="0" tests="5" name="TestRunner-1" time="17.225" errors="0" timestamp="2023-08-07T16:49:29 IST">
  <testcase classname="testNGScripts.DisParallelExecution03TestScript" name="bun" time="0.002"/>
  <testcase classname="testNGScripts.DisParallelExecution03TestScript" name="gun" time="0.003"/>
  <testcase classname="testNGScripts.DisParalleExecution02TestScript" name="crawl" time="0.001"/>
  <testcase classname="testNGScripts.DisParalleExecution02TestScript" name="run" time="0.003"/>
  <testcase classname="testNGScripts.DisParalleExecution02TestScript" name="walk" time="0.003"/>
  <testcase classname="com.hopestar.GenericUtility.HopeStarBaseClass" name="@BeforeSuite configure_BS" time="0.0">
    <ignored/>
  </testcase> <!-- @BeforeSuite configure_BS -->
  <testcase classname="com.hopestar.GenericUtility.HopeStarBaseClass" name="@AfterSuite configure_AS" time="0.0">
    <ignored/>
  </testcase> <!-- @AfterSuite configure_AS -->
</testsuite> <!-- TestRunner-1 -->
