<?xml version="1.0" encoding="UTF-8"?>
<!-- Generated by org.testng.reporters.JUnitXMLReporter -->
<testsuite ignored="2" hostname="LAPTOP-PICKRAJT" failures="0" tests="5" name="TestRunner-2" time="16.92" errors="0" timestamp="2023-08-07T16:49:29 IST">
  <testcase classname="testNGScripts.DisParallelExecution01TestScript" name="addClient" time="0.014"/>
  <testcase classname="testNGScripts.DisParallelExecution01TestScript" name="deleteClient" time="0.003"/>
  <testcase classname="testNGScripts.DisParallelExecution01TestScript" name="modifyClient" time="0.004"/>
  <testcase classname="testNGScripts.DisParallelExecution04TestScript" name="cow" time="0.003"/>
  <testcase classname="testNGScripts.DisParallelExecution04TestScript" name="tiger" time="0.002"/>
  <testcase classname="com.hopestar.GenericUtility.HopeStarBaseClass" name="@AfterSuite configure_AS" time="0.0">
    <ignored/>
  </testcase> <!-- @AfterSuite configure_AS -->
  <testcase classname="com.hopestar.GenericUtility.HopeStarBaseClass" name="@BeforeSuite configure_BS" time="0.0">
    <ignored/>
  </testcase> <!-- @BeforeSuite configure_BS -->
</testsuite> <!-- TestRunner-2 -->
