<?xml version="1.0" encoding="UTF-8"?>
<!-- Generated by org.testng.reporters.JUnitXMLReporter -->
<testsuite ignored="2" hostname="LAPTOP-PICKRAJT" failures="0" tests="6" name="Test" time="18.385" errors="0" timestamp="2023-08-08T10:46:47 IST">
  <testcase classname="testNGScripts.BatchExecution01TestScript" name="addClient" time="0.011"/>
  <testcase classname="testNGScripts.BatchExecution01TestScript" name="deleteClient" time="0.004"/>
  <testcase classname="testNGScripts.BatchExecution01TestScript" name="modifyClient" time="0.004"/>
  <testcase classname="testNGScripts.BatchExecution02TestScript" name="addAgent" time="0.002"/>
  <testcase classname="testNGScripts.BatchExecution02TestScript" name="deleteAgent" time="0.001"/>
  <testcase classname="testNGScripts.BatchExecution02TestScript" name="modifyAgent" time="0.002"/>
  <testcase classname="com.hopestar.GenericUtility.HopeStarBaseClass" name="@BeforeSuite configure_BS" time="0.0">
    <ignored/>
  </testcase> <!-- @BeforeSuite configure_BS -->
  <testcase classname="com.hopestar.GenericUtility.HopeStarBaseClass" name="@AfterSuite configure_AS" time="0.0">
    <ignored/>
  </testcase> <!-- @AfterSuite configure_AS -->
</testsuite> <!-- Test -->
