<?xml version="1.0" encoding="UTF-8"?>
<testng-results ignored="0" total="1" passed="1" failed="0" skipped="0">
  <reporter-output>
  </reporter-output>
  <suite started-at="2023-08-10T13:11:54 IST" name="Default suite" finished-at="2023-08-10T13:12:13 IST" duration-ms="18381">
    <groups>
      <group name="smoke">
        <method signature="AddNewClientTestNGTestScript.AddNewClient()[pri:0, instance:FinalApprovedTestScripts.AddNewClientTestNGTestScript@2a65fe7c]" name="AddNewClient" class="FinalApprovedTestScripts.AddNewClientTestNGTestScript"/>
      </group> <!-- smoke -->
    </groups>
    <test started-at="2023-08-10T13:11:54 IST" name="Default test" finished-at="2023-08-10T13:12:13 IST" duration-ms="18381">
      <class name="FinalApprovedTestScripts.AddNewClientTestNGTestScript">
        <test-method is-config="true" signature="configure_BS()[pri:0, instance:FinalApprovedTestScripts.AddNewClientTestNGTestScript@2a65fe7c]" started-at="2023-08-10T13:11:54 IST" name="configure_BS" finished-at="2023-08-10T13:11:54 IST" duration-ms="451" status="PASS">
          <reporter-output>
          </reporter-output>
        </test-method> <!-- configure_BS -->
        <test-method is-config="true" signature="Configure_BC()[pri:0, instance:FinalApprovedTestScripts.AddNewClientTestNGTestScript@2a65fe7c]" started-at="2023-08-10T13:11:54 IST" name="Configure_BC" finished-at="2023-08-10T13:11:56 IST" duration-ms="1586" status="PASS">
          <reporter-output>
          </reporter-output>
        </test-method> <!-- Configure_BC -->
        <test-method is-config="true" signature="Configure_BM()[pri:0, instance:FinalApprovedTestScripts.AddNewClientTestNGTestScript@2a65fe7c]" started-at="2023-08-10T13:11:56 IST" name="Configure_BM" finished-at="2023-08-10T13:11:58 IST" duration-ms="2412" status="PASS">
          <reporter-output>
          </reporter-output>
        </test-method> <!-- Configure_BM -->
        <test-method signature="AddNewClient()[pri:0, instance:FinalApprovedTestScripts.AddNewClientTestNGTestScript@2a65fe7c]" started-at="2023-08-10T13:11:58 IST" name="AddNewClient" finished-at="2023-08-10T13:12:13 IST" duration-ms="14040" status="PASS">
          <reporter-output>
          </reporter-output>
        </test-method> <!-- AddNewClient -->
        <test-method is-config="true" signature="Configure_AM()[pri:0, instance:FinalApprovedTestScripts.AddNewClientTestNGTestScript@2a65fe7c]" started-at="2023-08-10T13:12:13 IST" name="Configure_AM" finished-at="2023-08-10T13:12:13 IST" duration-ms="96" status="PASS">
          <reporter-output>
          </reporter-output>
        </test-method> <!-- Configure_AM -->
        <test-method is-config="true" signature="Configure_AC()[pri:0, instance:FinalApprovedTestScripts.AddNewClientTestNGTestScript@2a65fe7c]" started-at="2023-08-10T13:12:13 IST" name="Configure_AC" finished-at="2023-08-10T13:12:13 IST" duration-ms="200" status="PASS">
          <reporter-output>
          </reporter-output>
        </test-method> <!-- Configure_AC -->
        <test-method is-config="true" signature="configure_AS()[pri:0, instance:FinalApprovedTestScripts.AddNewClientTestNGTestScript@2a65fe7c]" started-at="2023-08-10T13:12:13 IST" name="configure_AS" finished-at="2023-08-10T13:12:13 IST" duration-ms="5" status="PASS">
          <reporter-output>
          </reporter-output>
        </test-method> <!-- configure_AS -->
      </class> <!-- FinalApprovedTestScripts.AddNewClientTestNGTestScript -->
    </test> <!-- Default test -->
  </suite> <!-- Default suite -->
</testng-results>
