<?xml version="1.0" encoding="UTF-8"?>
<!-- Generated by org.testng.reporters.JUnitXMLReporter -->
<testsuite ignored="12" hostname="LAPTOP-PICKRAJT" failures="1" tests="7" name="Test" time="84.272" errors="0" timestamp="2023-08-09T16:19:23 IST">
  <testcase classname="FinalApprovedTestScripts.AddNewClientTestNGTestScript" name="AddNewClient" time="13.248"/>
  <testcase classname="FinalApprovedTestScripts.AddPaymentAndEditTestNGTestscript" name="AddPaymentAndEdit" time="9.318"/>
  <testcase classname="FinalApprovedTestScripts.AddPaymentUsingAgentIDTestNGTestScript" name="AddPaymentUsingAgentID" time="11.658"/>
  <testcase classname="FinalApprovedTestScripts.ClientStatusUsingNimineeTestNGTestScript" name="ClientStatusUsingNomineeLink" time="3.405"/>
  <testcase classname="FinalApprovedTestScripts.EditClientViaNmineeTestNGTestScript" name="EditClientViaNominee" time="3.362">
    <failure type="java.lang.AssertionError" message="null">
      <![CDATA[java.lang.AssertionError: null
at FinalApprovedTestScripts.EditClientViaNmineeTestNGTestScript.EditClientViaNominee(EditClientViaNmineeTestNGTestScript.java:26)
at java.base/java.util.ArrayList.forEach(ArrayList.java:1511)
at java.base/java.util.concurrent.FutureTask.run(FutureTask.java:264)
at java.base/java.util.concurrent.ThreadPoolExecutor.runWorker(ThreadPoolExecutor.java:1136)
at java.base/java.util.concurrent.ThreadPoolExecutor$Worker.run(ThreadPoolExecutor.java:635)
at java.base/java.lang.Thread.run(Thread.java:833)
... Removed 17 stack frames]]>
    </failure>
  </testcase> <!-- EditClientViaNominee -->
  <testcase classname="FinalApprovedTestScripts.SearchClientAndCheckClientStatusTestNGTestScript" name="SearchClientAndCheckClientStatusViaNominee" time="3.337"/>
  <testcase classname="FinalApprovedTestScripts.AddNomineeViaClientTestNGTestScript" name="AddNomineeViaClient" time="15.777"/>
  <testcase classname="com.hopestar.GenericUtility.HopeStarBaseClass" name="@BeforeSuite configure_BS" time="0.0">
    <ignored/>
  </testcase> <!-- @BeforeSuite configure_BS -->
  <testcase classname="com.hopestar.GenericUtility.HopeStarBaseClass" name="@AfterSuite configure_AS" time="0.0">
    <ignored/>
  </testcase> <!-- @AfterSuite configure_AS -->
  <testcase classname="com.hopestar.GenericUtility.HopeStarBaseClass" name="@BeforeSuite configure_BS" time="0.0">
    <ignored/>
  </testcase> <!-- @BeforeSuite configure_BS -->
  <testcase classname="com.hopestar.GenericUtility.HopeStarBaseClass" name="@BeforeSuite configure_BS" time="0.0">
    <ignored/>
  </testcase> <!-- @BeforeSuite configure_BS -->
  <testcase classname="com.hopestar.GenericUtility.HopeStarBaseClass" name="@AfterSuite configure_AS" time="0.0">
    <ignored/>
  </testcase> <!-- @AfterSuite configure_AS -->
  <testcase classname="com.hopestar.GenericUtility.HopeStarBaseClass" name="@AfterSuite configure_AS" time="0.0">
    <ignored/>
  </testcase> <!-- @AfterSuite configure_AS -->
  <testcase classname="com.hopestar.GenericUtility.HopeStarBaseClass" name="@BeforeSuite configure_BS" time="0.0">
    <ignored/>
  </testcase> <!-- @BeforeSuite configure_BS -->
  <testcase classname="com.hopestar.GenericUtility.HopeStarBaseClass" name="@BeforeSuite configure_BS" time="0.0">
    <ignored/>
  </testcase> <!-- @BeforeSuite configure_BS -->
  <testcase classname="com.hopestar.GenericUtility.HopeStarBaseClass" name="@AfterSuite configure_AS" time="0.0">
    <ignored/>
  </testcase> <!-- @AfterSuite configure_AS -->
  <testcase classname="com.hopestar.GenericUtility.HopeStarBaseClass" name="@BeforeSuite configure_BS" time="0.0">
    <ignored/>
  </testcase> <!-- @BeforeSuite configure_BS -->
  <testcase classname="com.hopestar.GenericUtility.HopeStarBaseClass" name="@AfterSuite configure_AS" time="0.0">
    <ignored/>
  </testcase> <!-- @AfterSuite configure_AS -->
  <testcase classname="com.hopestar.GenericUtility.HopeStarBaseClass" name="@AfterSuite configure_AS" time="0.0">
    <ignored/>
  </testcase> <!-- @AfterSuite configure_AS -->
</testsuite> <!-- Test -->
